mode: atomic
github.com/alik/TestForWork/internal/service/rates.go:21.106,27.2 1 0
github.com/alik/TestForWork/internal/service/rates.go:30.95,35.16 3 0
github.com/alik/TestForWork/internal/service/rates.go:35.16,38.3 2 0
github.com/alik/TestForWork/internal/service/rates.go:41.2,41.116 1 0
github.com/alik/TestForWork/internal/service/rates.go:41.116,45.3 1 0
github.com/alik/TestForWork/internal/service/rates.go:47.2,52.22 2 0
github.com/alik/TestForWork/internal/service/rates.go:56.98,60.16 3 0
github.com/alik/TestForWork/internal/service/rates.go:60.16,63.3 2 0
github.com/alik/TestForWork/internal/service/rates.go:65.2,65.18 1 0
github.com/alik/TestForWork/internal/service/rates.go:69.120,76.16 3 0
github.com/alik/TestForWork/internal/service/rates.go:76.16,79.3 2 0
github.com/alik/TestForWork/internal/service/rates.go:81.2,81.19 1 0
github.com/alik/TestForWork/internal/service/rates.go:85.63,89.47 2 0
github.com/alik/TestForWork/internal/service/rates.go:89.47,92.3 2 0
github.com/alik/TestForWork/internal/service/rates.go:95.2,99.16 4 0
github.com/alik/TestForWork/internal/service/rates.go:99.16,103.3 1 0
github.com/alik/TestForWork/internal/service/rates.go:105.2,106.12 2 0
github.com/alik/TestForWork/internal/storage/postgres/repository.go:29.64,34.2 1 0
github.com/alik/TestForWork/internal/storage/postgres/repository.go:37.104,50.16 4 0
github.com/alik/TestForWork/internal/storage/postgres/repository.go:50.16,55.3 2 0
github.com/alik/TestForWork/internal/storage/postgres/repository.go:57.2,62.12 2 0
github.com/alik/TestForWork/internal/storage/postgres/repository.go:66.102,81.16 4 0
github.com/alik/TestForWork/internal/storage/postgres/repository.go:81.16,84.3 2 0
github.com/alik/TestForWork/internal/storage/postgres/repository.go:85.2,88.18 3 0
github.com/alik/TestForWork/internal/storage/postgres/repository.go:88.18,91.17 3 0
github.com/alik/TestForWork/internal/storage/postgres/repository.go:91.17,94.4 2 0
github.com/alik/TestForWork/internal/storage/postgres/repository.go:95.3,95.30 1 0
github.com/alik/TestForWork/internal/storage/postgres/repository.go:98.2,98.34 1 0
github.com/alik/TestForWork/internal/storage/postgres/repository.go:98.34,101.3 2 0
github.com/alik/TestForWork/internal/storage/postgres/repository.go:103.2,105.19 2 0
github.com/alik/TestForWork/internal/storage/postgres/repository.go:109.87,123.16 5 0
github.com/alik/TestForWork/internal/storage/postgres/repository.go:123.16,124.27 1 0
github.com/alik/TestForWork/internal/storage/postgres/repository.go:124.27,127.4 2 0
github.com/alik/TestForWork/internal/storage/postgres/repository.go:128.3,129.65 2 0
github.com/alik/TestForWork/internal/storage/postgres/repository.go:132.2,134.19 2 0
github.com/alik/TestForWork/internal/storage/postgres/repository.go:138.54,139.46 1 0
github.com/alik/TestForWork/internal/storage/postgres/repository.go:139.46,142.3 2 0
github.com/alik/TestForWork/internal/storage/postgres/repository.go:143.2,143.12 1 0
github.com/alik/TestForWork/internal/storage/postgres/repository.go:147.36,149.2 1 0
github.com/alik/TestForWork/internal/storage/postgres/repository.go:152.124,154.16 2 0
github.com/alik/TestForWork/internal/storage/postgres/repository.go:154.16,157.3 2 0
github.com/alik/TestForWork/internal/storage/postgres/repository.go:160.2,168.44 6 0
github.com/alik/TestForWork/internal/storage/postgres/repository.go:168.44,171.3 2 0
github.com/alik/TestForWork/internal/storage/postgres/repository.go:173.2,175.16 2 0
github.com/alik/TestForWork/internal/api/grpc/handler.go:23.99,29.2 1 0
github.com/alik/TestForWork/internal/api/grpc/handler.go:32.109,36.22 2 0
github.com/alik/TestForWork/internal/api/grpc/handler.go:36.22,39.3 2 0
github.com/alik/TestForWork/internal/api/grpc/handler.go:42.2,43.16 2 0
github.com/alik/TestForWork/internal/api/grpc/handler.go:43.16,46.3 2 0
github.com/alik/TestForWork/internal/api/grpc/handler.go:49.2,61.22 3 0
github.com/alik/TestForWork/internal/api/grpc/handler.go:65.118,71.16 4 0
github.com/alik/TestForWork/internal/api/grpc/handler.go:71.16,74.3 2 0
github.com/alik/TestForWork/internal/api/grpc/handler.go:76.2,84.22 3 0
github.com/alik/TestForWork/internal/api/grpc/server.go:39.11,63.19 9 0
github.com/alik/TestForWork/internal/api/grpc/server.go:63.19,66.3 2 0
github.com/alik/TestForWork/internal/api/grpc/server.go:69.2,70.19 2 0
github.com/alik/TestForWork/internal/api/grpc/server.go:70.19,72.3 1 0
github.com/alik/TestForWork/internal/api/grpc/server.go:75.2,85.25 4 0
github.com/alik/TestForWork/internal/api/grpc/server.go:85.25,87.3 1 0
github.com/alik/TestForWork/internal/api/grpc/server.go:90.2,99.19 4 0
github.com/alik/TestForWork/internal/api/grpc/server.go:99.19,101.3 1 0
github.com/alik/TestForWork/internal/api/grpc/server.go:103.2,108.3 1 0
github.com/alik/TestForWork/internal/api/grpc/server.go:112.32,114.16 2 0
github.com/alik/TestForWork/internal/api/grpc/server.go:114.16,117.3 2 0
github.com/alik/TestForWork/internal/api/grpc/server.go:119.2,121.49 2 0
github.com/alik/TestForWork/internal/api/grpc/server.go:121.49,124.3 2 0
github.com/alik/TestForWork/internal/api/grpc/server.go:126.2,126.12 1 0
github.com/alik/TestForWork/internal/api/grpc/server.go:130.50,134.12 3 0
github.com/alik/TestForWork/internal/api/grpc/server.go:134.12,137.3 2 0
github.com/alik/TestForWork/internal/api/grpc/server.go:139.2,139.9 1 0
github.com/alik/TestForWork/internal/api/grpc/server.go:140.20,143.19 3 0
github.com/alik/TestForWork/internal/api/grpc/server.go:144.17,146.13 2 0
github.com/alik/TestForWork/internal/client/grinex.go:46.103,55.2 1 0
github.com/alik/TestForWork/internal/client/grinex.go:58.88,66.16 4 0
github.com/alik/TestForWork/internal/client/grinex.go:66.16,69.3 2 0
github.com/alik/TestForWork/internal/client/grinex.go:71.2,74.16 3 0
github.com/alik/TestForWork/internal/client/grinex.go:74.16,77.3 2 0
github.com/alik/TestForWork/internal/client/grinex.go:78.2,80.38 2 0
github.com/alik/TestForWork/internal/client/grinex.go:80.38,85.3 2 0
github.com/alik/TestForWork/internal/client/grinex.go:87.2,88.70 2 0
github.com/alik/TestForWork/internal/client/grinex.go:88.70,91.3 2 0
github.com/alik/TestForWork/internal/client/grinex.go:94.2,94.58 1 0
github.com/alik/TestForWork/internal/client/grinex.go:94.58,96.3 1 0
github.com/alik/TestForWork/internal/client/grinex.go:99.2,101.62 2 0
github.com/alik/TestForWork/internal/client/grinex.go:101.62,103.3 1 0
github.com/alik/TestForWork/internal/client/grinex.go:103.8,105.3 1 0
github.com/alik/TestForWork/internal/client/grinex.go:107.2,107.62 1 0
github.com/alik/TestForWork/internal/client/grinex.go:107.62,109.3 1 0
github.com/alik/TestForWork/internal/client/grinex.go:109.8,111.3 1 0
github.com/alik/TestForWork/internal/client/grinex.go:113.2,114.29 2 0
github.com/alik/TestForWork/internal/client/grinex.go:114.29,116.3 1 0
github.com/alik/TestForWork/internal/client/grinex.go:118.2,131.22 3 0
github.com/alik/TestForWork/internal/config/config.go:72.30,119.59 34 0
github.com/alik/TestForWork/internal/config/config.go:119.59,121.3 1 0
github.com/alik/TestForWork/internal/config/config.go:124.2,124.45 1 0
github.com/alik/TestForWork/internal/config/config.go:124.45,125.56 1 0
github.com/alik/TestForWork/internal/config/config.go:125.56,127.4 1 0
github.com/alik/TestForWork/internal/config/config.go:131.2,132.49 2 0
github.com/alik/TestForWork/internal/config/config.go:132.49,134.3 1 0
github.com/alik/TestForWork/internal/config/config.go:136.2,136.21 1 0
github.com/alik/TestForWork/internal/config/config.go:140.47,143.2 1 0
